<?xml version="1.0" encoding="UTF-8"?>
<!-- Generated by org.testng.reporters.JUnitReportReporter -->
<testsuite name="pageObj.TestCreating" tests="2" time="0.000" ignored="6" failures="0" timestamp="20 апр 2018 15:03:10 GMT" skipped="1" hostname="alexeya" errors="1">
  <testcase name="createUzal" time="0.000" classname="pageObj.TestCreating">
    <skipped/>
  </testcase> <!-- createUzal -->
  <testcase name="setupTest" time="0.000" classname="pageObj.TestCreating">
    <error type="java.lang.NoSuchMethodError" message="io.github.bonigarcia.wdm.FirefoxDriverManager.getInstance()Lio/github/bonigarcia/wdm/BrowserManager;">
      <![CDATA[java.lang.NoSuchMethodError: io.github.bonigarcia.wdm.FirefoxDriverManager.getInstance()Lio/github/bonigarcia/wdm/BrowserManager;
	at com.codeborne.selenide.webdriver.WebDriverBinaryManager.setupBinaryPath(WebDriverBinaryManager.java:21)
	at com.codeborne.selenide.webdriver.WebDriverFactory.createWebDriver(WebDriverFactory.java:45)
	at com.codeborne.selenide.impl.WebDriverThreadLocalContainer.createDriver(WebDriverThreadLocalContainer.java:227)
	at com.codeborne.selenide.impl.WebDriverThreadLocalContainer.getAndCheckWebDriver(WebDriverThreadLocalContainer.java:111)
	at com.codeborne.selenide.WebDriverRunner.getAndCheckWebDriver(WebDriverRunner.java:135)
	at com.codeborne.selenide.impl.Navigator.navigateToAbsoluteUrl(Navigator.java:66)
	at com.codeborne.selenide.impl.Navigator.open(Navigator.java:30)
	at com.codeborne.selenide.Selenide.open(Selenide.java:79)
	at com.codeborne.selenide.Selenide.open(Selenide.java:53)
	at helping.HelpMeth.openPage(HelpMeth.java:15)
	at pageObj.TestCreating.setupTest(TestCreating.java:38)
	at sun.reflect.NativeMethodAccessorImpl.invoke0(Native Method)
	at sun.reflect.NativeMethodAccessorImpl.invoke(NativeMethodAccessorImpl.java:62)
	at sun.reflect.DelegatingMethodAccessorImpl.invoke(DelegatingMethodAccessorImpl.java:43)
	at java.lang.reflect.Method.invoke(Method.java:498)
	at org.testng.internal.MethodInvocationHelper.invokeMethod(MethodInvocationHelper.java:104)
	at org.testng.internal.Invoker.invokeConfigurationMethod(Invoker.java:515)
	at org.testng.internal.Invoker.invokeConfigurations(Invoker.java:217)
	at org.testng.internal.Invoker.invokeConfigurations(Invoker.java:144)
	at org.testng.TestRunner.beforeRun(TestRunner.java:634)
	at org.testng.TestRunner.run(TestRunner.java:602)
	at org.testng.SuiteRunner.runTest(SuiteRunner.java:387)
	at org.testng.SuiteRunner.runSequentially(SuiteRunner.java:382)
	at org.testng.SuiteRunner.privateRun(SuiteRunner.java:340)
	at org.testng.SuiteRunner.run(SuiteRunner.java:289)
	at org.testng.SuiteRunnerWorker.runSuite(SuiteRunnerWorker.java:52)
	at org.testng.SuiteRunnerWorker.run(SuiteRunnerWorker.java:86)
	at org.testng.TestNG.runSuitesSequentially(TestNG.java:1293)
	at org.testng.TestNG.runSuitesLocally(TestNG.java:1218)
	at org.testng.TestNG.runSuites(TestNG.java:1133)
	at org.testng.TestNG.run(TestNG.java:1104)
	at org.apache.maven.surefire.testng.TestNGExecutor.run(TestNGExecutor.java:135)
	at org.apache.maven.surefire.testng.TestNGDirectoryTestSuite.executeSingleClass(TestNGDirectoryTestSuite.java:112)
	at org.apache.maven.surefire.testng.TestNGDirectoryTestSuite.execute(TestNGDirectoryTestSuite.java:99)
	at org.apache.maven.surefire.testng.TestNGProvider.invoke(TestNGProvider.java:146)
	at org.apache.maven.surefire.booter.ForkedBooter.invokeProviderInSameClassLoader(ForkedBooter.java:373)
	at org.apache.maven.surefire.booter.ForkedBooter.runSuitesInProcess(ForkedBooter.java:334)
	at org.apache.maven.surefire.booter.ForkedBooter.execute(ForkedBooter.java:119)
	at org.apache.maven.surefire.booter.ForkedBooter.main(ForkedBooter.java:407)
]]>
    </error>
  </testcase> <!-- setupTest -->
  <testcase name="createPereTov" classname="pageObj.TestCreating">
    <skipped/>
  </testcase> <!-- createPereTov -->
  <testcase name="createKschfMax" classname="pageObj.TestCreating">
    <skipped/>
  </testcase> <!-- createKschfMax -->
  <testcase name="createKschfMin" classname="pageObj.TestCreating">
    <skipped/>
  </testcase> <!-- createKschfMin -->
  <testcase name="createPereRab" classname="pageObj.TestCreating">
    <skipped/>
  </testcase> <!-- createPereRab -->
  <testcase name="createSChfMax" classname="pageObj.TestCreating">
    <skipped/>
  </testcase> <!-- createSChfMax -->
  <testcase name="createSChfMin" classname="pageObj.TestCreating">
    <skipped/>
  </testcase> <!-- createSChfMin -->
</testsuite> <!-- pageObj.TestCreating -->
