<?xml version="1.0" encoding="UTF-8"?>
<!-- Generated by org.testng.reporters.JUnitReportReporter -->
<testsuite name="pageObj.TestCreating" tests="1" time="3.640" ignored="6" failures="0" timestamp="23 апр 2018 12:56:05 GMT" skipped="0" hostname="alexeya" errors="0">
  <testcase name="createUzal" time="3.640" classname="pageObj.TestCreating"/>
  <testcase name="createKschfMax" classname="pageObj.TestCreating">
    <skipped/>
  </testcase> <!-- createKschfMax -->
  <testcase name="createPereTov" classname="pageObj.TestCreating">
    <skipped/>
  </testcase> <!-- createPereTov -->
  <testcase name="createKschfMin" classname="pageObj.TestCreating">
    <skipped/>
  </testcase> <!-- createKschfMin -->
  <testcase name="createPereRab" classname="pageObj.TestCreating">
    <skipped/>
  </testcase> <!-- createPereRab -->
  <testcase name="createSChfMax" classname="pageObj.TestCreating">
    <skipped/>
  </testcase> <!-- createSChfMax -->
  <testcase name="createSChfMin" classname="pageObj.TestCreating">
    <skipped/>
  </testcase> <!-- createSChfMin -->
</testsuite> <!-- pageObj.TestCreating -->
